{"/Volumes/HDD-1T-2021-Mac/programming/javascript/npm/remark-obsidian-links/src/index.ts": {"path":"/Volumes/HDD-1T-2021-Mac/programming/javascript/npm/remark-obsidian-links/src/index.ts","all":false,"statementMap":{"0":{"start":{"line":1,"column":0},"end":{"line":1,"column":41}},"3":{"start":{"line":4,"column":0},"end":{"line":4,"column":65}},"5":{"start":{"line":6,"column":0},"end":{"line":6,"column":59}},"6":{"start":{"line":7,"column":0},"end":{"line":7,"column":31}},"7":{"start":{"line":8,"column":0},"end":{"line":8,"column":3}},"9":{"start":{"line":10,"column":0},"end":{"line":10,"column":61}},"10":{"start":{"line":11,"column":0},"end":{"line":11,"column":64}},"11":{"start":{"line":12,"column":0},"end":{"line":12,"column":54}},"12":{"start":{"line":13,"column":0},"end":{"line":13,"column":48}},"13":{"start":{"line":14,"column":0},"end":{"line":14,"column":53}},"15":{"start":{"line":16,"column":0},"end":{"line":16,"column":26}},"16":{"start":{"line":17,"column":0},"end":{"line":17,"column":37}},"17":{"start":{"line":18,"column":0},"end":{"line":18,"column":30}},"19":{"start":{"line":20,"column":0},"end":{"line":20,"column":50}},"20":{"start":{"line":21,"column":0},"end":{"line":21,"column":24}},"21":{"start":{"line":22,"column":0},"end":{"line":22,"column":28}},"23":{"start":{"line":24,"column":0},"end":{"line":24,"column":39}},"24":{"start":{"line":25,"column":0},"end":{"line":25,"column":34}},"26":{"start":{"line":27,"column":0},"end":{"line":27,"column":35}},"27":{"start":{"line":28,"column":0},"end":{"line":28,"column":31}},"28":{"start":{"line":29,"column":0},"end":{"line":29,"column":45}},"31":{"start":{"line":32,"column":0},"end":{"line":32,"column":26}},"32":{"start":{"line":33,"column":0},"end":{"line":33,"column":59}},"33":{"start":{"line":34,"column":0},"end":{"line":34,"column":30}},"34":{"start":{"line":35,"column":0},"end":{"line":35,"column":11}},"40":{"start":{"line":41,"column":0},"end":{"line":41,"column":44}},"41":{"start":{"line":42,"column":0},"end":{"line":42,"column":44}},"43":{"start":{"line":44,"column":0},"end":{"line":44,"column":14}},"44":{"start":{"line":45,"column":0},"end":{"line":45,"column":47}},"45":{"start":{"line":46,"column":0},"end":{"line":46,"column":50}},"46":{"start":{"line":47,"column":0},"end":{"line":47,"column":48}},"47":{"start":{"line":48,"column":0},"end":{"line":48,"column":39}},"48":{"start":{"line":49,"column":0},"end":{"line":49,"column":41}},"49":{"start":{"line":50,"column":0},"end":{"line":50,"column":13}},"51":{"start":{"line":52,"column":0},"end":{"line":52,"column":29}},"54":{"start":{"line":55,"column":0},"end":{"line":55,"column":51}},"56":{"start":{"line":57,"column":0},"end":{"line":57,"column":30}},"57":{"start":{"line":58,"column":0},"end":{"line":58,"column":65}},"58":{"start":{"line":59,"column":0},"end":{"line":59,"column":20}},"60":{"start":{"line":61,"column":0},"end":{"line":61,"column":65}},"61":{"start":{"line":62,"column":0},"end":{"line":62,"column":13}},"63":{"start":{"line":64,"column":0},"end":{"line":64,"column":42}},"64":{"start":{"line":65,"column":0},"end":{"line":65,"column":24}},"65":{"start":{"line":66,"column":0},"end":{"line":66,"column":17}},"66":{"start":{"line":67,"column":0},"end":{"line":67,"column":31}},"67":{"start":{"line":68,"column":0},"end":{"line":68,"column":36}},"68":{"start":{"line":69,"column":0},"end":{"line":69,"column":66}},"69":{"start":{"line":70,"column":0},"end":{"line":70,"column":13}},"70":{"start":{"line":71,"column":0},"end":{"line":71,"column":36}},"71":{"start":{"line":72,"column":0},"end":{"line":72,"column":61}},"72":{"start":{"line":73,"column":0},"end":{"line":73,"column":13}},"73":{"start":{"line":74,"column":0},"end":{"line":74,"column":22}},"75":{"start":{"line":76,"column":0},"end":{"line":76,"column":54}},"76":{"start":{"line":77,"column":0},"end":{"line":77,"column":13}},"77":{"start":{"line":78,"column":0},"end":{"line":78,"column":21}},"79":{"start":{"line":80,"column":0},"end":{"line":80,"column":25}},"80":{"start":{"line":81,"column":0},"end":{"line":81,"column":32}},"81":{"start":{"line":82,"column":0},"end":{"line":82,"column":15}},"82":{"start":{"line":83,"column":0},"end":{"line":83,"column":44}},"83":{"start":{"line":84,"column":0},"end":{"line":84,"column":13}},"85":{"start":{"line":86,"column":0},"end":{"line":86,"column":16}},"86":{"start":{"line":87,"column":0},"end":{"line":87,"column":26}},"87":{"start":{"line":88,"column":0},"end":{"line":88,"column":48}},"88":{"start":{"line":89,"column":0},"end":{"line":89,"column":43}},"89":{"start":{"line":90,"column":0},"end":{"line":90,"column":15}},"90":{"start":{"line":91,"column":0},"end":{"line":91,"column":56}},"91":{"start":{"line":92,"column":0},"end":{"line":92,"column":23}},"92":{"start":{"line":93,"column":0},"end":{"line":93,"column":25}},"93":{"start":{"line":94,"column":0},"end":{"line":94,"column":49}},"94":{"start":{"line":95,"column":0},"end":{"line":95,"column":44}},"95":{"start":{"line":96,"column":0},"end":{"line":96,"column":15}},"96":{"start":{"line":97,"column":0},"end":{"line":97,"column":58}},"97":{"start":{"line":98,"column":0},"end":{"line":98,"column":13}},"99":{"start":{"line":100,"column":0},"end":{"line":100,"column":27}},"100":{"start":{"line":101,"column":0},"end":{"line":101,"column":29}},"101":{"start":{"line":102,"column":0},"end":{"line":102,"column":29}},"102":{"start":{"line":103,"column":0},"end":{"line":103,"column":22}},"103":{"start":{"line":104,"column":0},"end":{"line":104,"column":30}},"104":{"start":{"line":105,"column":0},"end":{"line":105,"column":15}},"105":{"start":{"line":106,"column":0},"end":{"line":106,"column":13}},"108":{"start":{"line":109,"column":0},"end":{"line":109,"column":32}},"109":{"start":{"line":110,"column":0},"end":{"line":110,"column":27}},"110":{"start":{"line":111,"column":0},"end":{"line":111,"column":39}},"111":{"start":{"line":112,"column":0},"end":{"line":112,"column":15}},"112":{"start":{"line":113,"column":0},"end":{"line":113,"column":27}},"113":{"start":{"line":114,"column":0},"end":{"line":114,"column":34}},"114":{"start":{"line":115,"column":0},"end":{"line":115,"column":30}},"115":{"start":{"line":116,"column":0},"end":{"line":116,"column":25}},"116":{"start":{"line":117,"column":0},"end":{"line":117,"column":29}},"117":{"start":{"line":118,"column":0},"end":{"line":118,"column":17}},"118":{"start":{"line":119,"column":0},"end":{"line":119,"column":20}},"119":{"start":{"line":120,"column":0},"end":{"line":120,"column":34}},"120":{"start":{"line":121,"column":0},"end":{"line":121,"column":29}},"121":{"start":{"line":122,"column":0},"end":{"line":122,"column":25}},"122":{"start":{"line":123,"column":0},"end":{"line":123,"column":23}},"123":{"start":{"line":124,"column":0},"end":{"line":124,"column":32}},"124":{"start":{"line":125,"column":0},"end":{"line":125,"column":58}},"125":{"start":{"line":126,"column":0},"end":{"line":126,"column":20}},"126":{"start":{"line":127,"column":0},"end":{"line":127,"column":18}},"127":{"start":{"line":128,"column":0},"end":{"line":128,"column":27}},"128":{"start":{"line":129,"column":0},"end":{"line":129,"column":19}},"129":{"start":{"line":130,"column":0},"end":{"line":130,"column":33}},"130":{"start":{"line":131,"column":0},"end":{"line":131,"column":36}},"131":{"start":{"line":132,"column":0},"end":{"line":132,"column":20}},"132":{"start":{"line":133,"column":0},"end":{"line":133,"column":18}},"133":{"start":{"line":134,"column":0},"end":{"line":134,"column":17}},"134":{"start":{"line":135,"column":0},"end":{"line":135,"column":13}},"136":{"start":{"line":137,"column":0},"end":{"line":137,"column":30}},"137":{"start":{"line":138,"column":0},"end":{"line":138,"column":18}},"138":{"start":{"line":139,"column":0},"end":{"line":139,"column":30}},"140":{"start":{"line":141,"column":0},"end":{"line":141,"column":32}},"141":{"start":{"line":142,"column":0},"end":{"line":142,"column":27}},"142":{"start":{"line":143,"column":0},"end":{"line":143,"column":39}},"143":{"start":{"line":144,"column":0},"end":{"line":144,"column":15}},"144":{"start":{"line":145,"column":0},"end":{"line":145,"column":11}},"145":{"start":{"line":146,"column":0},"end":{"line":146,"column":16}},"146":{"start":{"line":147,"column":0},"end":{"line":147,"column":28}},"147":{"start":{"line":148,"column":0},"end":{"line":148,"column":35}},"148":{"start":{"line":149,"column":0},"end":{"line":149,"column":9}},"149":{"start":{"line":150,"column":0},"end":{"line":150,"column":9}},"151":{"start":{"line":152,"column":0},"end":{"line":152,"column":33}},"152":{"start":{"line":153,"column":0},"end":{"line":153,"column":7}},"153":{"start":{"line":154,"column":0},"end":{"line":154,"column":4}},"154":{"start":{"line":155,"column":0},"end":{"line":155,"column":1}}},"s":{"0":1,"3":1,"5":2,"6":2,"7":2,"9":2,"10":2,"11":2,"12":2,"13":2,"15":2,"16":2,"17":4,"19":4,"20":4,"21":4,"23":4,"24":12,"26":8,"27":8,"28":8,"31":8,"32":4,"33":4,"34":4,"40":8,"41":8,"43":8,"44":8,"45":4,"46":4,"47":4,"48":4,"49":8,"51":4,"54":4,"56":1,"57":1,"58":4,"60":3,"61":3,"63":4,"64":4,"65":4,"66":4,"67":4,"68":0,"69":0,"70":4,"71":1,"72":1,"73":4,"75":3,"76":3,"77":4,"79":1,"80":1,"81":1,"82":1,"83":1,"85":4,"86":4,"87":3,"88":1,"89":4,"90":1,"91":1,"92":3,"93":1,"94":0,"95":3,"96":0,"97":0,"99":4,"100":4,"101":1,"102":4,"103":3,"104":3,"105":4,"108":4,"109":4,"110":4,"111":4,"112":4,"113":1,"114":1,"115":1,"116":1,"117":1,"118":4,"119":3,"120":3,"121":3,"122":3,"123":3,"124":3,"125":3,"126":3,"127":3,"128":3,"129":3,"130":3,"131":3,"132":3,"133":3,"134":3,"136":4,"137":4,"138":4,"140":4,"141":4,"142":4,"143":4,"144":4,"145":12,"146":0,"147":0,"148":0,"149":4,"151":4,"152":2,"153":2,"154":2},"branchMap":{"0":{"type":"branch","line":6,"loc":{"start":{"line":6,"column":0},"end":{"line":155,"column":1}},"locations":[{"start":{"line":6,"column":0},"end":{"line":155,"column":1}}]},"1":{"type":"branch","line":10,"loc":{"start":{"line":10,"column":35},"end":{"line":10,"column":58}},"locations":[{"start":{"line":10,"column":35},"end":{"line":10,"column":58}}]},"2":{"type":"branch","line":10,"loc":{"start":{"line":10,"column":44},"end":{"line":10,"column":61}},"locations":[{"start":{"line":10,"column":44},"end":{"line":10,"column":61}}]},"3":{"type":"branch","line":11,"loc":{"start":{"line":11,"column":37},"end":{"line":11,"column":61}},"locations":[{"start":{"line":11,"column":37},"end":{"line":11,"column":61}}]},"4":{"type":"branch","line":12,"loc":{"start":{"line":12,"column":20},"end":{"line":12,"column":42}},"locations":[{"start":{"line":12,"column":20},"end":{"line":12,"column":42}}]},"5":{"type":"branch","line":13,"loc":{"start":{"line":13,"column":18},"end":{"line":13,"column":38}},"locations":[{"start":{"line":13,"column":18},"end":{"line":13,"column":38}}]},"6":{"type":"branch","line":14,"loc":{"start":{"line":14,"column":18},"end":{"line":14,"column":38}},"locations":[{"start":{"line":14,"column":18},"end":{"line":14,"column":38}}]},"7":{"type":"branch","line":16,"loc":{"start":{"line":16,"column":9},"end":{"line":154,"column":4}},"locations":[{"start":{"line":16,"column":9},"end":{"line":154,"column":4}}]},"8":{"type":"branch","line":17,"loc":{"start":{"line":17,"column":29},"end":{"line":153,"column":5}},"locations":[{"start":{"line":17,"column":29},"end":{"line":153,"column":5}}]},"9":{"type":"branch","line":18,"loc":{"start":{"line":18,"column":23},"end":{"line":18,"column":30}},"locations":[{"start":{"line":18,"column":23},"end":{"line":18,"column":30}}]},"10":{"type":"branch","line":24,"loc":{"start":{"line":24,"column":25},"end":{"line":150,"column":7}},"locations":[{"start":{"line":24,"column":25},"end":{"line":150,"column":7}}]},"11":{"type":"branch","line":25,"loc":{"start":{"line":25,"column":27},"end":{"line":25,"column":34}},"locations":[{"start":{"line":25,"column":27},"end":{"line":25,"column":34}}]},"12":{"type":"branch","line":25,"loc":{"start":{"line":25,"column":27},"end":{"line":146,"column":15}},"locations":[{"start":{"line":25,"column":27},"end":{"line":146,"column":15}}]},"13":{"type":"branch","line":32,"loc":{"start":{"line":32,"column":25},"end":{"line":35,"column":11}},"locations":[{"start":{"line":32,"column":25},"end":{"line":35,"column":11}}]},"14":{"type":"branch","line":45,"loc":{"start":{"line":45,"column":43},"end":{"line":46,"column":50}},"locations":[{"start":{"line":45,"column":43},"end":{"line":46,"column":50}}]},"15":{"type":"branch","line":46,"loc":{"start":{"line":46,"column":45},"end":{"line":47,"column":48}},"locations":[{"start":{"line":46,"column":45},"end":{"line":47,"column":48}}]},"16":{"type":"branch","line":47,"loc":{"start":{"line":47,"column":30},"end":{"line":48,"column":39}},"locations":[{"start":{"line":47,"column":30},"end":{"line":48,"column":39}}]},"17":{"type":"branch","line":48,"loc":{"start":{"line":48,"column":30},"end":{"line":49,"column":41}},"locations":[{"start":{"line":48,"column":30},"end":{"line":49,"column":41}}]},"18":{"type":"branch","line":50,"loc":{"start":{"line":50,"column":12},"end":{"line":145,"column":11}},"locations":[{"start":{"line":50,"column":12},"end":{"line":145,"column":11}}]},"19":{"type":"branch","line":55,"loc":{"start":{"line":55,"column":50},"end":{"line":59,"column":19}},"locations":[{"start":{"line":55,"column":50},"end":{"line":59,"column":19}}]},"20":{"type":"branch","line":59,"loc":{"start":{"line":59,"column":12},"end":{"line":62,"column":13}},"locations":[{"start":{"line":59,"column":12},"end":{"line":62,"column":13}}]},"21":{"type":"branch","line":64,"loc":{"start":{"line":64,"column":30},"end":{"line":64,"column":42}},"locations":[{"start":{"line":64,"column":30},"end":{"line":64,"column":42}}]},"22":{"type":"branch","line":68,"loc":{"start":{"line":68,"column":35},"end":{"line":70,"column":13}},"locations":[{"start":{"line":68,"column":35},"end":{"line":70,"column":13}}]},"23":{"type":"branch","line":71,"loc":{"start":{"line":71,"column":35},"end":{"line":73,"column":13}},"locations":[{"start":{"line":71,"column":35},"end":{"line":73,"column":13}}]},"24":{"type":"branch","line":74,"loc":{"start":{"line":74,"column":21},"end":{"line":77,"column":13}},"locations":[{"start":{"line":74,"column":21},"end":{"line":77,"column":13}}]},"25":{"type":"branch","line":78,"loc":{"start":{"line":78,"column":20},"end":{"line":84,"column":13}},"locations":[{"start":{"line":78,"column":20},"end":{"line":84,"column":13}}]},"26":{"type":"branch","line":87,"loc":{"start":{"line":87,"column":15},"end":{"line":88,"column":48}},"locations":[{"start":{"line":87,"column":15},"end":{"line":88,"column":48}}]},"27":{"type":"branch","line":88,"loc":{"start":{"line":88,"column":37},"end":{"line":89,"column":43}},"locations":[{"start":{"line":88,"column":37},"end":{"line":89,"column":43}}]},"28":{"type":"branch","line":90,"loc":{"start":{"line":90,"column":14},"end":{"line":92,"column":23}},"locations":[{"start":{"line":90,"column":14},"end":{"line":92,"column":23}}]},"29":{"type":"branch","line":92,"loc":{"start":{"line":92,"column":12},"end":{"line":98,"column":13}},"locations":[{"start":{"line":92,"column":12},"end":{"line":98,"column":13}}]},"30":{"type":"branch","line":93,"loc":{"start":{"line":93,"column":14},"end":{"line":94,"column":49}},"locations":[{"start":{"line":93,"column":14},"end":{"line":94,"column":49}}]},"31":{"type":"branch","line":94,"loc":{"start":{"line":94,"column":38},"end":{"line":95,"column":44}},"locations":[{"start":{"line":94,"column":38},"end":{"line":95,"column":44}}]},"32":{"type":"branch","line":96,"loc":{"start":{"line":96,"column":14},"end":{"line":98,"column":13}},"locations":[{"start":{"line":96,"column":14},"end":{"line":98,"column":13}}]},"33":{"type":"branch","line":101,"loc":{"start":{"line":101,"column":28},"end":{"line":103,"column":21}},"locations":[{"start":{"line":101,"column":28},"end":{"line":103,"column":21}}]},"34":{"type":"branch","line":103,"loc":{"start":{"line":103,"column":14},"end":{"line":105,"column":15}},"locations":[{"start":{"line":103,"column":14},"end":{"line":105,"column":15}}]},"35":{"type":"branch","line":113,"loc":{"start":{"line":113,"column":26},"end":{"line":119,"column":19}},"locations":[{"start":{"line":113,"column":26},"end":{"line":119,"column":19}}]},"36":{"type":"branch","line":119,"loc":{"start":{"line":119,"column":12},"end":{"line":135,"column":13}},"locations":[{"start":{"line":119,"column":12},"end":{"line":135,"column":13}}]},"37":{"type":"branch","line":125,"loc":{"start":{"line":125,"column":27},"end":{"line":125,"column":48}},"locations":[{"start":{"line":125,"column":27},"end":{"line":125,"column":48}}]},"38":{"type":"branch","line":125,"loc":{"start":{"line":125,"column":38},"end":{"line":125,"column":58}},"locations":[{"start":{"line":125,"column":38},"end":{"line":125,"column":58}}]},"39":{"type":"branch","line":146,"loc":{"start":{"line":146,"column":8},"end":{"line":149,"column":9}},"locations":[{"start":{"line":146,"column":8},"end":{"line":149,"column":9}}]}},"b":{"0":[2],"1":[1],"2":[1],"3":[1],"4":[1],"5":[1],"6":[1],"7":[2],"8":[4],"9":[0],"10":[12],"11":[4],"12":[8],"13":[4],"14":[4],"15":[4],"16":[4],"17":[4],"18":[4],"19":[1],"20":[3],"21":[0],"22":[0],"23":[1],"24":[3],"25":[1],"26":[3],"27":[1],"28":[1],"29":[3],"30":[1],"31":[0],"32":[0],"33":[1],"34":[3],"35":[1],"36":[3],"37":[1],"38":[2],"39":[0]},"fnMap":{"0":{"name":"remarkConvertObsidianInternalLinks","decl":{"start":{"line":6,"column":0},"end":{"line":155,"column":1}},"loc":{"start":{"line":6,"column":0},"end":{"line":155,"column":1}},"line":6}},"f":{"0":2}}
,"/Volumes/HDD-1T-2021-Mac/programming/javascript/npm/remark-obsidian-links/src/utils.ts": {"path":"/Volumes/HDD-1T-2021-Mac/programming/javascript/npm/remark-obsidian-links/src/utils.ts","all":false,"statementMap":{"0":{"start":{"line":1,"column":0},"end":{"line":1,"column":48}},"1":{"start":{"line":2,"column":0},"end":{"line":2,"column":12}},"2":{"start":{"line":3,"column":0},"end":{"line":3,"column":18}},"3":{"start":{"line":4,"column":0},"end":{"line":4,"column":28}},"4":{"start":{"line":5,"column":0},"end":{"line":5,"column":30}},"5":{"start":{"line":6,"column":0},"end":{"line":6,"column":2}},"7":{"start":{"line":8,"column":0},"end":{"line":8,"column":36}},"8":{"start":{"line":9,"column":0},"end":{"line":9,"column":14}},"9":{"start":{"line":10,"column":0},"end":{"line":10,"column":34}},"10":{"start":{"line":11,"column":0},"end":{"line":11,"column":6}},"11":{"start":{"line":12,"column":0},"end":{"line":12,"column":70}},"12":{"start":{"line":13,"column":0},"end":{"line":13,"column":32}},"13":{"start":{"line":14,"column":0},"end":{"line":14,"column":31}},"14":{"start":{"line":15,"column":0},"end":{"line":15,"column":10}},"15":{"start":{"line":16,"column":0},"end":{"line":16,"column":49}},"16":{"start":{"line":17,"column":0},"end":{"line":17,"column":44}},"17":{"start":{"line":18,"column":0},"end":{"line":18,"column":28}},"18":{"start":{"line":19,"column":0},"end":{"line":19,"column":37}},"19":{"start":{"line":20,"column":0},"end":{"line":20,"column":3}},"20":{"start":{"line":21,"column":0},"end":{"line":21,"column":54}},"21":{"start":{"line":22,"column":0},"end":{"line":22,"column":19}},"22":{"start":{"line":23,"column":0},"end":{"line":23,"column":26}},"23":{"start":{"line":24,"column":0},"end":{"line":24,"column":2}}},"s":{"0":1,"1":4,"2":4,"3":4,"4":4,"5":4,"7":1,"8":3,"9":3,"10":3,"11":3,"12":3,"13":3,"14":3,"15":3,"16":1,"17":1,"18":1,"19":1,"20":3,"21":3,"22":3,"23":3},"branchMap":{"0":{"type":"branch","line":1,"loc":{"start":{"line":1,"column":30},"end":{"line":6,"column":2}},"locations":[{"start":{"line":1,"column":30},"end":{"line":6,"column":2}}]},"1":{"type":"branch","line":8,"loc":{"start":{"line":8,"column":35},"end":{"line":24,"column":2}},"locations":[{"start":{"line":8,"column":35},"end":{"line":24,"column":2}}]},"2":{"type":"branch","line":16,"loc":{"start":{"line":16,"column":48},"end":{"line":20,"column":3}},"locations":[{"start":{"line":16,"column":48},"end":{"line":20,"column":3}}]},"3":{"type":"branch","line":21,"loc":{"start":{"line":21,"column":31},"end":{"line":21,"column":49}},"locations":[{"start":{"line":21,"column":31},"end":{"line":21,"column":49}}]},"4":{"type":"branch","line":21,"loc":{"start":{"line":21,"column":44},"end":{"line":21,"column":51}},"locations":[{"start":{"line":21,"column":44},"end":{"line":21,"column":51}}]},"5":{"type":"branch","line":16,"loc":{"start":{"line":16,"column":19},"end":{"line":16,"column":45}},"locations":[{"start":{"line":16,"column":19},"end":{"line":16,"column":45}}]}},"b":{"0":[4],"1":[3],"2":[1],"3":[1],"4":[2],"5":[17]},"fnMap":{"0":{"name":"defaultSlugify","decl":{"start":{"line":1,"column":30},"end":{"line":6,"column":2}},"loc":{"start":{"line":1,"column":30},"end":{"line":6,"column":2}},"line":1},"1":{"name":"slugfiyFileNameBase","decl":{"start":{"line":8,"column":35},"end":{"line":24,"column":2}},"loc":{"start":{"line":8,"column":35},"end":{"line":24,"column":2}},"line":8}},"f":{"0":4,"1":3}}
}
